March 01, 2021 17:35 [INFO]: >SESSION START<
March 01, 2021 17:35 [INFO]: Valid directory path submitted.
March 01, 2021 17:35 [INFO]: File [NYL_FieldAgent_20210219.csv] has already been processed on March 01, 2021 at 17:29.
March 01, 2021 17:35 [INFO]: File [NYL_FieldAgent_20210212.csv] has already been processed on March 01, 2021 at 17:32.
March 01, 2021 17:35 [INFO]: File [NYL_FieldAgent_20210205.csv] has already been processed on March 01, 2021 at 17:33.
March 01, 2021 17:35 [INFO]: File [NYL_FieldAgent_20210129.csv] is the most recent valid file in the provided directory and will now be processed.
March 01, 2021 17:35 [INFO]: Processing file [NYL_FieldAgent_20210129.csv] now...
March 01, 2021 17:35 [WARNING]: Agent THOMAS LYNCH (29047) does not have a US-valid phone number.
March 01, 2021 17:35 [WARNING]: Agent BRUCE FELDMAN (35644) does not have a US-valid phone number.
March 01, 2021 17:35 [WARNING]: Agent JAMES THOMAS (43304) does not have a US-valid phone number.
March 01, 2021 17:35 [WARNING]: Agent DOUGLAS WARREN (50598) does not have a US-valid phone number.
March 01, 2021 17:35 [WARNING]: Agent JOSE ROJAS (50904) does not have a US-valid phone number.
March 01, 2021 17:35 [WARNING]: Agent MARK PARKINSON (61808) does not have a US-valid phone number.
March 01, 2021 17:35 [WARNING]: Agent CLAY EDWARDS (63414) does not have a US-valid phone number.
March 01, 2021 17:35 [WARNING]: Agent RAVI BALCHAND (95313) does not have a US-valid phone number.
March 01, 2021 17:35 [WARNING]: Agent OMARI THOMAS (103920) does not have a US-valid phone number.
March 01, 2021 17:35 [WARNING]: Agent PAUL KENKEL (104752) does not have a US-valid phone number.
March 01, 2021 17:35 [WARNING]: Agent JOHN RASAK (105171) does not have a US-valid phone number.
March 01, 2021 17:35 [WARNING]: Agent JOSEPH SCACCIA (112580) does not have a US-valid phone number.
March 01, 2021 17:35 [WARNING]: Agent JEFFREY BLANCO (113602) does not have a US-valid phone number.
March 01, 2021 17:35 [WARNING]: Agent ROBERT GOLDENTHAL (114077) does not have a US-valid phone number.
March 01, 2021 17:35 [WARNING]: Agent SARA HALL (117643) does not have a US-valid phone number.
March 01, 2021 17:35 [WARNING]: Agent JENNIFER BEECH (124161) does not have a US-valid phone number.
March 01, 2021 17:35 [WARNING]: Agent ALFREDA JONES-MOORE (127731) does not have a US-valid phone number.
March 01, 2021 17:35 [WARNING]: Agent TREVOR IFILL (129296) does not have a US-valid phone number.
March 01, 2021 17:35 [WARNING]: Agent CHERILLE SAMUELS (129681) does not have a US-valid phone number.
March 01, 2021 17:35 [WARNING]: Agent SUJALA SHAH (135126) does not have a US-valid phone number.
March 01, 2021 17:35 [WARNING]: Agent RAMCHAND TEJIRAM (137471) does not have a US-valid phone number.
March 01, 2021 17:35 [WARNING]: Agent AMAL DESAI (142838) does not have a US-valid phone number.
March 01, 2021 17:35 [WARNING]: Agent PETER MORIN (145438) does not have a US-valid phone number.
March 01, 2021 17:35 [WARNING]: Agent MEHUL DESAI (146220) does not have a US-valid phone number.
March 01, 2021 17:35 [WARNING]: Agent DEVENDRA GOHEL (146965) does not have a US-valid phone number.
March 01, 2021 17:35 [WARNING]: Agent KRISTIN MONTAGNE (148229) does not have a US-valid phone number.
March 01, 2021 17:35 [WARNING]: Agent KRISTIN KELLY (149193) does not have a US-valid phone number.
March 01, 2021 17:35 [WARNING]: Agent MICHAEL BUNDY (149441) does not have a US-valid phone number.
March 01, 2021 17:35 [WARNING]: Agent TANIA FUKUDA (149829) does not have a US-valid phone number.
March 01, 2021 17:35 [WARNING]: Agent CHARLOTTE OECHSLIN (149900) does not have a US-valid phone number.
March 01, 2021 17:35 [WARNING]: Agent DENNIS BLEVINS (150309) does not have a US-valid phone number.
March 01, 2021 17:35 [WARNING]: Agent JOHN EASON (151246) does not have a US-valid phone number.
March 01, 2021 17:35 [WARNING]: Agent VICTORIA SAAD (151758) does not have a US-valid phone number.
March 01, 2021 17:35 [WARNING]: Agent MARIA ABUSTAN (152852) does not have a US-valid phone number.
March 01, 2021 17:35 [WARNING]: Agent DANIEL OPPENHEIM (153132) does not have a US-valid phone number.
March 01, 2021 17:35 [WARNING]: Agent ERIC LAYNE (154064) does not have a US-valid phone number.
March 01, 2021 17:35 [WARNING]: Agent TYRONE GATES (154448) does not have a US-valid phone number.
March 01, 2021 17:35 [WARNING]: Agent RAFFI ANDONIAN (154794) does not have a US-valid phone number.
March 01, 2021 17:35 [WARNING]: Agent OLIVER SCARLETT (154822) does not have a US-valid phone number.
March 01, 2021 17:35 [WARNING]: Agent NENITA AQUINO (154936) does not have a US-valid phone number.
March 01, 2021 17:35 [WARNING]: Agent NIK PETCOV (155860) does not have a US-valid phone number.
March 01, 2021 17:35 [WARNING]: Agent LINDA POOLE (158344) does not have a US-valid phone number.
March 01, 2021 17:35 [WARNING]: Agent KENSVIL DUCHATELLIER (158479) does not have a US-valid phone number.
March 01, 2021 17:35 [WARNING]: Agent MEGAN MCGLONE (159574) does not have a US-valid phone number.
March 01, 2021 17:35 [WARNING]: Agent NAYDEAN FISHER (160287) does not have a US-valid phone number.
March 01, 2021 17:35 [WARNING]: Agent ROBERTA HALFMANN (160365) does not have a US-valid phone number.
March 01, 2021 17:35 [WARNING]: Agent YEVETTE ANGEL (160392) does not have a US-valid phone number.
March 01, 2021 17:35 [WARNING]: Agent MIRIAM WARTELL (160533) does not have a US-valid phone number.
March 01, 2021 17:35 [WARNING]: Agent TRANECE ARTIS (160577) does not have a US-valid phone number.
March 01, 2021 17:35 [WARNING]: Agent GARY GRECO (160875) does not have a US-valid phone number.
March 01, 2021 17:35 [WARNING]: Agent KEVIN TUNNEY (161476) does not have a US-valid phone number.
March 01, 2021 17:35 [WARNING]: Agent LYNN CHANG-LY (163109) does not have a US-valid phone number.
March 01, 2021 17:35 [WARNING]: Agent SANJAY KHETANI (163639) does not have a US-valid phone number.
March 01, 2021 17:35 [WARNING]: Agent MARLON ALTOE (163914) does not have a US-valid phone number.
March 01, 2021 17:35 [WARNING]: Agent MATTHEW TREWIN (164109) does not have a US-valid phone number.
March 01, 2021 17:35 [WARNING]: Agent CHRISTOPHER CORRADO (164315) does not have a US-valid phone number.
March 01, 2021 17:35 [WARNING]: Agent KRISHNA SINHA (164662) does not have a US-valid phone number.
March 01, 2021 17:35 [WARNING]: Agent GREGORY DEXTER (164847) does not have a US-valid phone number.
March 01, 2021 17:35 [WARNING]: Agent SOTHEAVY VANN (165139) does not have a US-valid phone number.
March 01, 2021 17:35 [WARNING]: Agent KERREU SOARES (165311) does not have a US-valid phone number.
March 01, 2021 17:35 [WARNING]: Agent AMITABH MITTAL (165412) does not have a US-valid phone number.
March 01, 2021 17:35 [WARNING]: Agent VAISHALI PATEL (165561) does not have a US-valid phone number.
March 01, 2021 17:35 [WARNING]: Agent LORETTA DESIMONE (165632) does not have a US-valid phone number.
March 01, 2021 17:35 [WARNING]: Agent MADELEIN CASTILLO (165715) does not have a US-valid phone number.
March 01, 2021 17:35 [WARNING]: Agent JOSHUA ALLEN (165921) does not have a US-valid phone number.
March 01, 2021 17:35 [WARNING]: Agent MATTHEW MASTERSON (166043) does not have a US-valid phone number.
March 01, 2021 17:35 [WARNING]: Agent ANNA NYGREN (166082) does not have a US-valid phone number.
March 01, 2021 17:35 [WARNING]: Agent JEFFREY GARBACIAK (166565) does not have a US-valid phone number.
March 01, 2021 17:35 [WARNING]: Agent KATHRYN MUMFORD (166966) does not have a US-valid phone number.
March 01, 2021 17:35 [WARNING]: Agent GARY WADSWORTH (167145) does not have a US-valid phone number.
March 01, 2021 17:35 [WARNING]: Agent REID WEBER (167312) does not have a US-valid phone number.
March 01, 2021 17:35 [WARNING]: Agent DENNIS AARONS (167670) does not have a US-valid phone number.
March 01, 2021 17:35 [WARNING]: Agent MELISSA CONNELLY-MCVOY (168131) does not have a US-valid phone number.
March 01, 2021 17:35 [WARNING]: Agent SHANNON PICKETT (168359) does not have a US-valid phone number.
March 01, 2021 17:35 [WARNING]: Agent SAMUEL STRUM (168423) does not have a US-valid phone number.
March 01, 2021 17:35 [WARNING]: Agent RENITA MAY (169867) does not have a US-valid phone number.
March 01, 2021 17:35 [WARNING]: Agent MARC SHENKER (169906) does not have a US-valid phone number.
March 01, 2021 17:35 [WARNING]: Agent CARLOS SIDNEY (170604) does not have a US-valid phone number.
March 01, 2021 17:35 [WARNING]: Agent BRIAN MAYHALL (171340) does not have a US-valid phone number.
March 01, 2021 17:35 [WARNING]: Agent BLAINE ENDO (171476) does not have a US-valid phone number.
March 01, 2021 17:35 [WARNING]: Agent CJ LOVSTED (171623) does not have a US-valid phone number.
March 01, 2021 17:35 [WARNING]: Agent YOUSIN CHANG (171880) does not have a US-valid phone number.
March 01, 2021 17:35 [WARNING]: Agent JAMES MARSHALL (171932) does not have a US-valid phone number.
March 01, 2021 17:35 [WARNING]: Agent ANDREW BALL (171988) does not have a US-valid phone number.
March 01, 2021 17:35 [WARNING]: Agent STEVEN KIERMAN (172070) does not have a US-valid phone number.
March 01, 2021 17:35 [WARNING]: Agent JOHN CACCIAPUOTI (172260) does not have a US-valid phone number.
March 01, 2021 17:35 [WARNING]: Agent LESLIE GRAVES (172354) does not have a US-valid phone number.
March 01, 2021 17:35 [WARNING]: Agent OLYMPIA ILIOU-PERRY (172929) does not have a US-valid phone number.
March 01, 2021 17:35 [WARNING]: Agent FLAVIO MATAMOROS (173604) does not have a US-valid phone number.
March 01, 2021 17:35 [WARNING]: Agent PAVEL ANTONIAN (173722) does not have a US-valid phone number.
March 01, 2021 17:35 [WARNING]: Agent RETHA BOWMAN (173759) does not have a US-valid phone number.
March 01, 2021 17:35 [WARNING]: Agent CATHERINE PARENTEAU (173786) does not have a US-valid phone number.
March 01, 2021 17:35 [WARNING]: Agent ELLYN CAMPUZANO (174046) does not have a US-valid phone number.
March 01, 2021 17:35 [WARNING]: Agent DIPTI MEHTA (174470) does not have a US-valid phone number.
March 01, 2021 17:35 [WARNING]: Agent DANNY BERRY (174836) does not have a US-valid phone number.
March 01, 2021 17:35 [WARNING]: Agent KEVIN DONOVAN (175060) does not have a US-valid phone number.
March 01, 2021 17:35 [WARNING]: Agent DEANNA BRADFORD (175256) does not have a US-valid phone number.
March 01, 2021 17:35 [WARNING]: Agent CHRISTOPHER BAILEY (175672) does not have a US-valid phone number.
March 01, 2021 17:35 [WARNING]: Agent ALICIA MONDAY (175739) does not have a US-valid phone number.
March 01, 2021 17:35 [WARNING]: Agent PHILIP MIX (175802) does not have a US-valid phone number.
March 01, 2021 17:35 [WARNING]: Agent CARLOS GONZALEZ (176358) does not have a US-valid phone number.
March 01, 2021 17:35 [WARNING]: Agent NISHIL AMIN (176475) does not have a US-valid phone number.
March 01, 2021 17:35 [WARNING]: Agent LOIC ROCCA (176652) does not have a US-valid phone number.
March 01, 2021 17:35 [WARNING]: Agent ERIKA SABRAW (176915) does not have a US-valid phone number.
March 01, 2021 17:35 [WARNING]: Agent MATTHEW RAMIREZ (177052) does not have a US-valid phone number.
March 01, 2021 17:35 [WARNING]: Agent PHYLLIS PETRILLO (177056) does not have a US-valid phone number.
March 01, 2021 17:35 [WARNING]: Agent ADAM JOHNSON (177288) does not have a US-valid phone number.
March 01, 2021 17:35 [WARNING]: Agent LIMAY LIU (177353) does not have a US-valid phone number.
March 01, 2021 17:35 [WARNING]: Agent YOLANDA PEAVY (177506) does not have a US-valid phone number.
March 01, 2021 17:35 [WARNING]: Agent JOSE MERCADO (177622) does not have a US-valid phone number.
March 01, 2021 17:35 [WARNING]: Agent JAMES YOUNG (177998) does not have a US-valid phone number.
March 01, 2021 17:35 [WARNING]: Agent BARRY CLARK (178030) does not have a US-valid phone number.
March 01, 2021 17:35 [WARNING]: Agent VERJIK MINASSIANS (178038) does not have a US-valid phone number.
March 01, 2021 17:35 [WARNING]: Agent JANITA HARDINGGRIFFIN (178185) does not have a US-valid phone number.
March 01, 2021 17:35 [WARNING]: Agent GREGG BARNES (178560) does not have a US-valid phone number.
March 01, 2021 17:35 [WARNING]: Agent DANIELA VELARDE (178951) does not have a US-valid phone number.
March 01, 2021 17:35 [WARNING]: Agent ANDREW PUCKETT (179118) does not have a US-valid phone number.
March 01, 2021 17:35 [WARNING]: Agent MARLON BALDWIN (179826) does not have a US-valid phone number.
March 01, 2021 17:35 [WARNING]: Agent PAMELA FRAZIER (179985) does not have a US-valid phone number.
March 01, 2021 17:35 [WARNING]: Agent JAMES CLAYTON (180278) does not have a US-valid phone number.
March 01, 2021 17:35 [WARNING]: Agent CHRISTOPHER LUCIANO (180299) does not have a US-valid phone number.
March 01, 2021 17:35 [WARNING]: Agent GLYNN WHITAKER (180343) does not have a US-valid phone number.
March 01, 2021 17:35 [WARNING]: Agent RICHARD BASULTO (180777) does not have a US-valid phone number.
March 01, 2021 17:35 [WARNING]: Agent KAY WHITTLER (180907) does not have a US-valid phone number.
March 01, 2021 17:35 [WARNING]: Agent RALPH MILITELLO (180971) does not have a US-valid phone number.
March 01, 2021 17:35 [WARNING]: Agent SHAWNA LAWRENCE (180978) does not have a US-valid phone number.
March 01, 2021 17:35 [WARNING]: Agent CODY GREENE (181015) does not have a US-valid phone number.
March 01, 2021 17:35 [WARNING]: Agent NOREMI SCARPATI (181784) does not have a US-valid phone number.
March 01, 2021 17:35 [WARNING]: Agent LORI SMITH (181898) does not have a US-valid phone number.
March 01, 2021 17:35 [WARNING]: Agent MARISSA MCCAW-FRETTE (182330) does not have a US-valid phone number.
March 01, 2021 17:35 [WARNING]: Agent ROBERT LAFFEN (182392) does not have a US-valid phone number.
March 01, 2021 17:35 [WARNING]: Agent JACQUELINE LEAL (182420) does not have a US-valid phone number.
March 01, 2021 17:35 [WARNING]: Agent NIDSON BEAUSSEJOUR (182514) does not have a US-valid phone number.
March 01, 2021 17:35 [WARNING]: Agent ERIKA MATTSON (182651) does not have a US-valid phone number.
March 01, 2021 17:35 [WARNING]: Agent DANIEL TREVINO (183288) does not have a US-valid phone number.
March 01, 2021 17:35 [WARNING]: Agent SARAH LAVELLE (183307) does not have a US-valid phone number.
March 01, 2021 17:35 [WARNING]: Agent ANDRE ZABALA (183435) does not have a US-valid phone number.
March 01, 2021 17:35 [WARNING]: Agent WILLIE FLOWERS (183475) does not have a US-valid phone number.
March 01, 2021 17:35 [WARNING]: Agent MARVIN ROSADO (183719) does not have a US-valid phone number.
March 01, 2021 17:35 [WARNING]: Agent STACY BROWN (183797) does not have a US-valid phone number.
March 01, 2021 17:35 [WARNING]: Agent DANIEL DIBIASE (183883) does not have a US-valid phone number.
March 01, 2021 17:35 [WARNING]: Agent MATTHEW PARKS (184148) does not have a US-valid phone number.
March 01, 2021 17:35 [WARNING]: Agent ANA VASQUEZ (184181) does not have a US-valid phone number.
March 01, 2021 17:35 [WARNING]: Agent STEPHEN FAZIO (184255) does not have a US-valid phone number.
March 01, 2021 17:35 [WARNING]: Agent JOAN BONVICINI (184328) does not have a US-valid phone number.
March 01, 2021 17:35 [WARNING]: Agent DAVID DEANGELIS (184355) does not have a US-valid phone number.
March 01, 2021 17:35 [WARNING]: Agent CHRISTOPHER NOLAN (184378) does not have a US-valid phone number.
March 01, 2021 17:35 [WARNING]: Agent DOLORES MCGUIRE (184392) does not have a US-valid phone number.
March 01, 2021 17:35 [WARNING]: Agent PAMELA MCCARROLL (184500) does not have a US-valid phone number.
March 01, 2021 17:35 [WARNING]: Agent IRVIN SEABROOK (184785) does not have a US-valid phone number.
March 01, 2021 17:35 [WARNING]: Agent ADAM THOMPSON (184851) does not have a US-valid phone number.
March 01, 2021 17:35 [WARNING]: Agent STEVEN BROWN (184956) does not have a US-valid phone number.
March 01, 2021 17:35 [WARNING]: Agent KARALEE HERRIN (185140) does not have a US-valid phone number.
March 01, 2021 17:35 [WARNING]: Agent MAURICE LOUCKS (185142) does not have a US-valid phone number.
March 01, 2021 17:35 [WARNING]: Agent JARON PAYNE (185321) does not have a US-valid phone number.
March 01, 2021 17:35 [WARNING]: Agent PETER MARES (185361) does not have a US-valid phone number.
March 01, 2021 17:35 [WARNING]: Agent SELENA ARMSTRONG (185510) does not have a US-valid phone number.
March 01, 2021 17:35 [WARNING]: Agent PEI-WEN LIANG (185673) does not have a US-valid phone number.
March 01, 2021 17:35 [WARNING]: Agent TESSA CORRAL (185675) does not have a US-valid phone number.
March 01, 2021 17:35 [WARNING]: Agent LUTHER JOHNSON (185689) does not have a US-valid phone number.
March 01, 2021 17:35 [WARNING]: Agent MATTALENE WILCHER (185815) does not have a US-valid phone number.
March 01, 2021 17:35 [WARNING]: Agent DONALD LOFASO (185892) does not have a US-valid phone number.
March 01, 2021 17:35 [WARNING]: Agent SAMANTHA PATRICK (185925) does not have a US-valid phone number.
March 01, 2021 17:35 [WARNING]: Agent JOSE GARZONA (186050) does not have a US-valid phone number.
March 01, 2021 17:35 [WARNING]: Agent ZOHAK HARTOONIAN (186249) does not have a US-valid phone number.
March 01, 2021 17:35 [WARNING]: Agent JOHN LOCKLEAR (186890) does not have a US-valid phone number.
March 01, 2021 17:35 [WARNING]: Agent WHINEFRED DELROSARIO (187010) does not have a US-valid phone number.
March 01, 2021 17:35 [WARNING]: Agent BENJAMIN MILLER (187101) does not have a US-valid phone number.
March 01, 2021 17:35 [WARNING]: Agent LUCAS KING (187401) does not have a US-valid phone number.
March 01, 2021 17:35 [WARNING]: Agent KENJI HARPER (187442) does not have a US-valid phone number.
March 01, 2021 17:35 [WARNING]: Agent JOSE VAZQUEZ (187490) does not have a US-valid phone number.
March 01, 2021 17:35 [WARNING]: Agent SCOTT HASTINGS (187505) does not have a US-valid phone number.
March 01, 2021 17:35 [WARNING]: Agent SCOTT LASKER (187529) does not have a US-valid phone number.
March 01, 2021 17:35 [WARNING]: Agent LISA ROBB (187946) does not have a US-valid phone number.
March 01, 2021 17:35 [WARNING]: Agent PAULA PETERSEN (188178) does not have a US-valid phone number.
March 01, 2021 17:35 [WARNING]: Agent JACQUELINE WADE (188250) does not have a US-valid phone number.
March 01, 2021 17:35 [WARNING]: Agent HENRY RICE (188257) does not have a US-valid phone number.
March 01, 2021 17:35 [WARNING]: Agent CHRISTINE HOLGUIN (188606) does not have a US-valid phone number.
March 01, 2021 17:35 [WARNING]: Agent ARTHUR WOLF (189043) does not have a US-valid phone number.
March 01, 2021 17:35 [WARNING]: Agent NANCY CHANDROO (189114) does not have a US-valid phone number.
March 01, 2021 17:35 [WARNING]: Agent HANS DOCHTERMANN (189137) does not have a US-valid phone number.
March 01, 2021 17:35 [WARNING]: Agent JNORBERTO ROMERO (189157) does not have a US-valid phone number.
March 01, 2021 17:35 [WARNING]: Agent ADRIANA CONTRERASHERNANDEZ (189208) does not have a US-valid phone number.
March 01, 2021 17:35 [WARNING]: Agent JEFFREY PARSONS (189842) does not have a US-valid phone number.
March 01, 2021 17:35 [WARNING]: Agent KAYLIN MURRAY (189877) does not have a US-valid phone number.
March 01, 2021 17:35 [WARNING]: Agent WILLIAM TILLER (189878) does not have a US-valid phone number.
March 01, 2021 17:35 [WARNING]: Agent KAROLINA CONDE (190184) does not have a US-valid phone number.
March 01, 2021 17:35 [WARNING]: Agent TRAVIS SMITH (190202) does not have a US-valid phone number.
March 01, 2021 17:35 [WARNING]: Agent CAMILLE CORDOVA (190240) does not have a US-valid phone number.
March 01, 2021 17:35 [WARNING]: Agent THOMAS MORRIS (190300) does not have a US-valid phone number.
March 01, 2021 17:35 [WARNING]: Agent BRENDAN MORRISON (190383) does not have a US-valid phone number.
March 01, 2021 17:35 [WARNING]: Agent AMY POLLACK (190411) does not have a US-valid phone number.
March 01, 2021 17:35 [WARNING]: Agent ROCIO FALCON (190435) does not have a US-valid phone number.
March 01, 2021 17:35 [WARNING]: Agent TIMMOTHY LASH (190516) does not have a US-valid phone number.
March 01, 2021 17:35 [WARNING]: Agent ROBERTO VELA (190703) does not have a US-valid phone number.
March 01, 2021 17:35 [WARNING]: Agent WARREN MATTILA (190768) does not have a US-valid phone number.
March 01, 2021 17:35 [WARNING]: Agent INDIRA BENAKANAKERE (190856) does not have a US-valid phone number.
March 01, 2021 17:35 [WARNING]: Agent EDWARD BARAOIDAN (191080) does not have a US-valid phone number.
March 01, 2021 17:35 [WARNING]: Agent JESSICA ALVARADO (191195) does not have a US-valid phone number.
March 01, 2021 17:35 [WARNING]: Agent ANTHONY CORRERA (191350) does not have a US-valid phone number.
March 01, 2021 17:35 [WARNING]: Agent REFUGIOMARIE SOTO (191473) does not have a US-valid phone number.
March 01, 2021 17:35 [WARNING]: Agent ANDREW BURGESS (191732) does not have a US-valid phone number.
March 01, 2021 17:35 [WARNING]: Agent ROBERT BRICKEN (192269) does not have a US-valid phone number.
March 01, 2021 17:35 [WARNING]: Agent MICHELLE PACK (192428) does not have a US-valid phone number.
March 01, 2021 17:35 [WARNING]: Agent JAMES HOLDREDGE (192449) does not have a US-valid phone number.
March 01, 2021 17:35 [WARNING]: Agent MICHAEL GRECO (192514) does not have a US-valid phone number.
March 01, 2021 17:35 [WARNING]: Agent PAUL CHEEK (192575) does not have a US-valid phone number.
March 01, 2021 17:35 [WARNING]: Agent MARY WHITNEY (192628) does not have a US-valid phone number.
March 01, 2021 17:35 [WARNING]: Agent ELVIS HERRERA (192666) does not have a US-valid phone number.
March 01, 2021 17:35 [WARNING]: Agent SCOTT STERN (192824) does not have a US-valid phone number.
March 01, 2021 17:35 [WARNING]: Agent TEVIN COLEMAN (193115) does not have a US-valid phone number.
March 01, 2021 17:35 [WARNING]: Agent DANA PARKER (194117) does not have a US-valid phone number.
March 01, 2021 17:35 [WARNING]: Agent LORI CHANDLER (194588) does not have a US-valid phone number.
March 01, 2021 17:35 [WARNING]: Agent KHARY MCALPIN (194628) does not have a US-valid phone number.
March 01, 2021 17:35 [WARNING]: Agent MENDEL KIBEL (194896) does not have a US-valid phone number.
March 01, 2021 17:35 [WARNING]: Agent DOUGLAS CLAYTON (194988) does not have a US-valid phone number.
March 01, 2021 17:35 [WARNING]: Agent CONLAN MOE (195111) does not have a US-valid phone number.
March 01, 2021 17:35 [WARNING]: Agent LYNDA DILLMAN (195198) does not have a US-valid phone number.
March 01, 2021 17:35 [WARNING]: Agent ANTONIO VAGLICA (195322) does not have a US-valid phone number.
March 01, 2021 17:35 [WARNING]: Agent TYME JACOBS (195467) does not have a US-valid phone number.
March 01, 2021 17:35 [WARNING]: Agent JOHN WILLIAMS (195632) does not have a US-valid phone number.
March 01, 2021 17:35 [WARNING]: Agent LUSHEN EVANSMBA (195767) does not have a US-valid phone number.
March 01, 2021 17:35 [WARNING]: Agent TAYESE GREENAWAY (195769) does not have a US-valid phone number.
March 01, 2021 17:35 [WARNING]: Agent ALINE THOMAS (195889) does not have a US-valid phone number.
March 01, 2021 17:35 [WARNING]: Agent JOEL BONESVARGAS (196093) does not have a US-valid phone number.
March 01, 2021 17:35 [WARNING]: Agent EDWARD BEDNARZ (196144) does not have a US-valid phone number.
March 01, 2021 17:35 [WARNING]: Agent BIANCA CAGGIANO (196296) does not have a US-valid phone number.
March 01, 2021 17:35 [WARNING]: Agent SHANAE CARRINGTON (196434) does not have a US-valid phone number.
March 01, 2021 17:35 [WARNING]: Agent BRIAN MARQUIS (196710) does not have a US-valid phone number.
March 01, 2021 17:35 [WARNING]: Agent LORENA GARCIA (196851) does not have a US-valid phone number.
March 01, 2021 17:35 [WARNING]: Agent ALFRED VANNESS (196985) does not have a US-valid phone number.
March 01, 2021 17:35 [WARNING]: Agent JAY BLUHM (197026) does not have a US-valid phone number.
March 01, 2021 17:35 [WARNING]: Agent DERICK GUYTON (197052) does not have a US-valid phone number.
March 01, 2021 17:35 [WARNING]: Agent STEVE WOOD (197447) does not have a US-valid phone number.
March 01, 2021 17:35 [WARNING]: Agent ANTOINETTE REHAK (197744) does not have a US-valid phone number.
March 01, 2021 17:35 [WARNING]: Agent DAIMEIN PADMORE-SOLOMON (197771) does not have a US-valid phone number.
March 01, 2021 17:35 [WARNING]: Agent CHARLES JOHNSTON (197858) does not have a US-valid phone number.
March 01, 2021 17:35 [WARNING]: Agent BARBARA MONTALVO (197950) does not have a US-valid phone number.
March 01, 2021 17:35 [WARNING]: Agent YEHUDA HASS (197981) does not have a US-valid phone number.
March 01, 2021 17:35 [WARNING]: Agent PATREECE THOMAS (198018) does not have a US-valid phone number.
March 01, 2021 17:35 [WARNING]: Agent JASON BEATY (198055) does not have a US-valid phone number.
March 01, 2021 17:35 [WARNING]: Agent JOY SPIEGEL (198283) does not have a US-valid phone number.
March 01, 2021 17:35 [WARNING]: Agent SEIBA COOPER (198556) does not have a US-valid phone number.
March 01, 2021 17:35 [WARNING]: Agent KEITH WALDRON (198802) does not have a US-valid phone number.
March 01, 2021 17:35 [WARNING]: Agent MELISSA STASKO (198822) does not have a US-valid phone number.
March 01, 2021 17:35 [WARNING]: Agent PHILLIP BUSTAMANTE (198833) does not have a US-valid phone number.
March 01, 2021 17:35 [WARNING]: Agent ROBERT RAGSDALE (198986) does not have a US-valid phone number.
March 01, 2021 17:35 [WARNING]: Agent GERRY SINGLETON (199129) does not have a US-valid phone number.
March 01, 2021 17:35 [WARNING]: Agent STEPHEN VICTORE (199252) does not have a US-valid phone number.
March 01, 2021 17:35 [WARNING]: Agent VERNA MORGAN (199542) does not have a US-valid phone number.
March 01, 2021 17:35 [WARNING]: Agent JUSTIN WESTERMAN (199669) does not have a US-valid phone number.
March 01, 2021 17:35 [WARNING]: Agent MATTHEW MARESCA (199828) does not have a US-valid phone number.
March 01, 2021 17:35 [WARNING]: Agent ROMI JAISWAL (200123) does not have a US-valid phone number.
March 01, 2021 17:35 [WARNING]: Agent WILLIAM AMES (200158) does not have a US-valid phone number.
March 01, 2021 17:35 [WARNING]: Agent DANIEL KERTZ (200358) does not have a US-valid phone number.
March 01, 2021 17:35 [WARNING]: Agent RALPH DAVIS (200433) does not have a US-valid phone number.
March 01, 2021 17:35 [WARNING]: Agent DANYELLE MOORE (200863) does not have a US-valid phone number.
March 01, 2021 17:35 [WARNING]: Agent KRISTA SOUTHARD (201326) does not have a US-valid phone number.
March 01, 2021 17:35 [WARNING]: Agent PHUONG PHAN (201572) does not have a US-valid phone number.
March 01, 2021 17:35 [WARNING]: Agent LYNN HOUTZ (202038) does not have a US-valid phone number.
March 01, 2021 17:35 [WARNING]: Agent JEAN YOUNG (202446) does not have a US-valid phone number.
March 01, 2021 17:35 [WARNING]: Agent LISA COMMISSOBRAVO (202564) does not have a US-valid phone number.
March 01, 2021 17:35 [WARNING]: Agent TERRANCE ROBINSON (202815) does not have a US-valid phone number.
March 01, 2021 17:35 [WARNING]: Agent MARCELINA CARRASCOMORALES (203147) does not have a US-valid phone number.
March 01, 2021 17:35 [WARNING]: Agent MATTHEW HADLEY (203262) does not have a US-valid phone number.
March 01, 2021 17:35 [WARNING]: Agent DANA HOWARD (203311) does not have a US-valid phone number.
March 01, 2021 17:35 [WARNING]: Agent DANA CARPENTER (203348) does not have a US-valid phone number.
March 01, 2021 17:35 [WARNING]: Agent ORLANDO RICCI (203962) does not have a US-valid phone number.
March 01, 2021 17:35 [WARNING]: Agent RICHARD SMITH (204232) does not have a US-valid phone number.
March 01, 2021 17:35 [WARNING]: Agent DAVID ANDERSON (204604) does not have a US-valid phone number.
March 01, 2021 17:35 [WARNING]: Agent JOSHUA DAVIS (204927) does not have a US-valid phone number.
March 01, 2021 17:35 [WARNING]: Agent KELLY DYER-RAWLINGS (205174) does not have a US-valid phone number.
March 01, 2021 17:35 [WARNING]: Agent LARISSA WRABEL (205399) does not have a US-valid phone number.
March 01, 2021 17:35 [WARNING]: Agent CAONGUYEN LIENG (205830) does not have a US-valid phone number.
March 01, 2021 17:35 [WARNING]: Agent EVETT SCHUSTER (206239) does not have a US-valid phone number.
March 01, 2021 17:35 [WARNING]: Agent ADAM RICHARDS (206860) does not have a US-valid phone number.
March 01, 2021 17:35 [WARNING]: Agent RONALD GALLINA (207052) does not have a US-valid phone number.
March 01, 2021 17:35 [WARNING]: Agent MATTHEW SCARANO (208922) does not have a US-valid phone number.
March 01, 2021 17:35 [WARNING]: Agent MARK WALTERS (209033) does not have a US-valid phone number.
March 01, 2021 17:35 [WARNING]: Agent RICHARD FLOWERS (209052) does not have a US-valid phone number.
March 01, 2021 17:35 [WARNING]: Agent BOBAL FLETCHER (658320) does not have a US-valid phone number.
March 01, 2021 17:35 [WARNING]: E-mail address of agent JOEL FIELD (88411) does not utilize New York Life domain.
March 01, 2021 17:35 [INFO]: >SESSION OVER<
